<?xml version="1.0" encoding="UTF-8"?>
<testng-results skipped="0" failed="0" ignored="0" total="1" passed="1">
  <reporter-output>
  </reporter-output>
  <suite name="Default suite" duration-ms="48634" started-at="2019-01-31T07:41:50Z" finished-at="2019-01-31T07:42:39Z">
    <groups>
    </groups>
    <test name="Default test" duration-ms="48634" started-at="2019-01-31T07:41:50Z" finished-at="2019-01-31T07:42:39Z">
      <class name="script.TestNewGroup">
        <test-method status="PASS" signature="openApplication()[pri:0, instance:script.TestNewGroup@4501b7af]" name="openApplication" is-config="true" duration-ms="34254" started-at="2019-01-31T07:41:50Z" finished-at="2019-01-31T07:42:24Z">
          <reporter-output>
          </reporter-output>
        </test-method> <!-- openApplication -->
        <test-method status="PASS" signature="testNewGroup()[pri:0, instance:script.TestNewGroup@4501b7af]" name="testNewGroup" duration-ms="14117" started-at="2019-01-31T07:42:24Z" finished-at="2019-01-31T07:42:38Z">
          <reporter-output>
          </reporter-output>
        </test-method> <!-- testNewGroup -->
        <test-method status="PASS" signature="closeApplication(org.testng.ITestResult)[pri:0, instance:script.TestNewGroup@4501b7af]" name="closeApplication" is-config="true" duration-ms="234" started-at="2019-01-31T07:42:38Z" finished-at="2019-01-31T07:42:39Z">
          <params>
            <param index="0">
              <value>
                <![CDATA[[TestResult name=testNewGroup status=SUCCESS method=TestNewGroup.testNewGroup()[pri:0, instance:script.TestNewGroup@4501b7af] output={null}]]]>
              </value>
            </param>
          </params>
          <reporter-output>
          </reporter-output>
        </test-method> <!-- closeApplication -->
        <test-method status="PASS" signature="writeReport()[pri:0, instance:script.TestNewGroup@4501b7af]" name="writeReport" is-config="true" duration-ms="362" started-at="2019-01-31T07:42:39Z" finished-at="2019-01-31T07:42:39Z">
          <reporter-output>
          </reporter-output>
        </test-method> <!-- writeReport -->
      </class> <!-- script.TestNewGroup -->
    </test> <!-- Default test -->
  </suite> <!-- Default suite -->
</testng-results>
